<?xml version="1.0" encoding="UTF-8"?>
<testsuite name="Cucumber" time="42.001" tests="4" skipped="0" failures="1" errors="0" timestamp="2025-03-16T19:55:54.641234Z">
<testcase classname="Purchase the order from ecommerce" name="Create Order Positive Case - #1.1" time="12.615">
<system-out><![CDATA[
Given Buyer landing to ecommerce............................................passed
Given Buyer logged to website email standard_user and password secret_sauce.passed
When Buyer add Product Sauce Labs Backpack to cart..........................passed
And Buyer click checkout "Sauce Labs Backpack"..............................passed
And Buyer fill the form with "John", "Doe", and "12345".....................passed
And Buyer place order "Sauce Labs Backpack".................................passed
Then Buyer should see the order confirmation "Thank you for your order!"....passed
]]></system-out>
</testcase>
<testcase classname="Purchase the order from ecommerce" name="Create Order Positive Case - #1.2" time="9.476">
<system-out><![CDATA[
Given Buyer landing to ecommerce............................................passed
Given Buyer logged to website email standard_user and password secret_sauce.passed
When Buyer add Product Sauce Labs Onesie to cart............................passed
And Buyer click checkout "Sauce Labs Onesie"................................passed
And Buyer fill the form with "John", "Ke Dua", and "11232"..................passed
And Buyer place order "Sauce Labs Onesie"...................................passed
Then Buyer should see the order confirmation "Thank you for your order!"....passed
]]></system-out>
</testcase>
<testcase classname="Purchase the order from ecommerce" name="Login Positive Case - #1.1" time="14.558">
<failure type="java.lang.AssertionError" message="Login failed: User not redirected to inventory page. expected [true] but found [false]">
<![CDATA[java.lang.AssertionError: Login failed: User not redirected to inventory page. expected [true] but found [false]
	at org.testng.Assert.fail(Assert.java:99)
	at org.testng.Assert.failNotEquals(Assert.java:1037)
	at org.testng.Assert.assertTrue(Assert.java:45)
	at stepdefinitions.StepDefinitionsImpl.login(StepDefinitionsImpl.java:27)
	at âœ½.Buyer logged to website email standard_user and password problem(file:///C:/QA%20ENGINNER/TASK-2/TaskWeb/src/test/resources/features/CreateOrder.feature:20)
]]>
</failure>
<system-out><![CDATA[
Given Buyer landing to ecommerce............................................passed
Given Buyer logged to website email standard_user and password problem......failed
Then Buyer Confirmation login success.......................................skipped
]]></system-out>
</testcase>
<testcase classname="Purchase the order from ecommerce" name="Login Positive Case - #1.2" time="4.798">
<system-out><![CDATA[
Given Buyer landing to ecommerce............................................passed
Given Buyer logged to website email problem_user and password secret_sauce..passed
Then Buyer Confirmation login success.......................................passed
]]></system-out>
</testcase>
</testsuite>
